{"/Users/wulunyi/explore/typeof-jsonc/src/commentParser.ts": {"path":"/Users/wulunyi/explore/typeof-jsonc/src/commentParser.ts","statementMap":{"0":{"start":{"line":1,"column":0},"end":{"line":1,"column":46}},"1":{"start":{"line":3,"column":0},"end":{"line":8,"column":1}},"2":{"start":{"line":4,"column":2},"end":{"line":4,"column":9}},"3":{"start":{"line":5,"column":2},"end":{"line":5,"column":10}},"4":{"start":{"line":6,"column":2},"end":{"line":6,"column":7}},"5":{"start":{"line":7,"column":2},"end":{"line":7,"column":7}},"6":{"start":{"line":15,"column":19},"end":{"line":15,"column":42}},"7":{"start":{"line":16,"column":20},"end":{"line":16,"column":37}},"8":{"start":{"line":17,"column":17},"end":{"line":17,"column":35}},"9":{"start":{"line":20,"column":2},"end":{"line":26,"column":24}},"10":{"start":{"line":19,"column":0},"end":{"line":27,"column":1}},"11":{"start":{"line":30,"column":2},"end":{"line":34,"column":22}},"12":{"start":{"line":33,"column":14},"end":{"line":33,"column":22}},"13":{"start":{"line":34,"column":17},"end":{"line":34,"column":20}},"14":{"start":{"line":38,"column":2},"end":{"line":38,"column":45}},"15":{"start":{"line":37,"column":0},"end":{"line":39,"column":1}},"16":{"start":{"line":42,"column":2},"end":{"line":42,"column":46}},"17":{"start":{"line":41,"column":0},"end":{"line":43,"column":1}},"18":{"start":{"line":46,"column":24},"end":{"line":46,"column":41}},"19":{"start":{"line":47,"column":17},"end":{"line":47,"column":51}},"20":{"start":{"line":49,"column":2},"end":{"line":49,"column":76}},"21":{"start":{"line":49,"column":29},"end":{"line":49,"column":35}},"22":{"start":{"line":49,"column":37},"end":{"line":49,"column":40}},"23":{"start":{"line":49,"column":42},"end":{"line":49,"column":45}},"24":{"start":{"line":49,"column":52},"end":{"line":49,"column":74}},"25":{"start":{"line":45,"column":0},"end":{"line":50,"column":1}},"26":{"start":{"line":58,"column":35},"end":{"line":58,"column":37}},"27":{"start":{"line":62,"column":17},"end":{"line":62,"column":31}},"28":{"start":{"line":64,"column":2},"end":{"line":64,"column":40}},"29":{"start":{"line":65,"column":2},"end":{"line":65,"column":56}},"30":{"start":{"line":67,"column":2},"end":{"line":67,"column":16}},"31":{"start":{"line":61,"column":0},"end":{"line":68,"column":1}}},"fnMap":{"0":{"name":"(anonymous_0)","decl":{"start":{"line":3,"column":0},"end":{"line":3,"column":11}},"loc":{"start":{"line":3,"column":23},"end":{"line":8,"column":1}}},"1":{"name":"getCommentKind","decl":{"start":{"line":19,"column":16},"end":{"line":19,"column":30}},"loc":{"start":{"line":19,"column":46},"end":{"line":27,"column":1}}},"2":{"name":"getLineComment","decl":{"start":{"line":29,"column":9},"end":{"line":29,"column":23}},"loc":{"start":{"line":29,"column":52},"end":{"line":35,"column":1}}},"3":{"name":"(anonymous_3)","decl":{"start":{"line":33,"column":9},"end":{"line":33,"column":8}},"loc":{"start":{"line":33,"column":10},"end":{"line":33,"column":22}}},"4":{"name":"(anonymous_4)","decl":{"start":{"line":34,"column":12},"end":{"line":34,"column":11}},"loc":{"start":{"line":34,"column":13},"end":{"line":34,"column":20}}},"5":{"name":"getLeadingComment","decl":{"start":{"line":37,"column":16},"end":{"line":37,"column":33}},"loc":{"start":{"line":37,"column":49},"end":{"line":39,"column":1}}},"6":{"name":"getTrailingComment","decl":{"start":{"line":41,"column":16},"end":{"line":41,"column":34}},"loc":{"start":{"line":41,"column":50},"end":{"line":43,"column":1}}},"7":{"name":"getJsDoc","decl":{"start":{"line":45,"column":16},"end":{"line":45,"column":24}},"loc":{"start":{"line":45,"column":40},"end":{"line":50,"column":1}}},"8":{"name":"(anonymous_8)","decl":{"start":{"line":49,"column":26},"end":{"line":49,"column":26}},"loc":{"start":{"line":49,"column":47},"end":{"line":49,"column":74}}},"9":{"name":"(anonymous_9)","decl":{"start":{"line":58,"column":23},"end":{"line":58,"column":23}},"loc":{"start":{"line":58,"column":30},"end":{"line":58,"column":37}}},"10":{"name":"parser","decl":{"start":{"line":61,"column":16},"end":{"line":61,"column":22}},"loc":{"start":{"line":61,"column":38},"end":{"line":68,"column":1}}}},"branchMap":{"0":{"loc":{"start":{"line":3,"column":12},"end":{"line":3,"column":23}},"type":"binary-expr","locations":[{"start":{"line":3,"column":12},"end":{"line":3,"column":23}},{"start":{"line":3,"column":12},"end":{"line":3,"column":23}}]},"1":{"loc":{"start":{"line":21,"column":6},"end":{"line":21,"column":25}},"type":"cond-expr","locations":[{"start":{"line":21,"column":6},"end":{"line":21,"column":25}},{"start":{"line":22,"column":6},"end":{"line":26,"column":23}}]},"2":{"loc":{"start":{"line":23,"column":6},"end":{"line":23,"column":26}},"type":"cond-expr","locations":[{"start":{"line":23,"column":6},"end":{"line":23,"column":26}},{"start":{"line":24,"column":6},"end":{"line":26,"column":23}}]},"3":{"loc":{"start":{"line":25,"column":6},"end":{"line":25,"column":23}},"type":"cond-expr","locations":[{"start":{"line":25,"column":6},"end":{"line":25,"column":23}},{"start":{"line":26,"column":6},"end":{"line":26,"column":23}}]}},"s":{"0":1,"1":1,"2":1,"3":1,"4":1,"5":1,"6":1,"7":1,"8":1,"9":6,"10":1,"11":3,"12":3,"13":3,"14":1,"15":1,"16":2,"17":1,"18":1,"19":1,"20":1,"21":2,"22":2,"23":2,"24":2,"25":1,"26":1,"27":2,"28":2,"29":2,"30":2,"31":1},"f":{"0":1,"1":6,"2":3,"3":3,"4":3,"5":1,"6":2,"7":1,"8":2,"9":1,"10":2},"b":{"0":[1,1],"1":[1,5],"2":[2,3],"3":[1,2]}}
,"/Users/wulunyi/explore/typeof-jsonc/src/helper.ts": {"path":"/Users/wulunyi/explore/typeof-jsonc/src/helper.ts","statementMap":{"0":{"start":{"line":4,"column":2},"end":{"line":4,"column":21}},"1":{"start":{"line":3,"column":0},"end":{"line":5,"column":1}},"2":{"start":{"line":8,"column":2},"end":{"line":8,"column":27}},"3":{"start":{"line":7,"column":0},"end":{"line":9,"column":1}},"4":{"start":{"line":12,"column":2},"end":{"line":12,"column":36}},"5":{"start":{"line":11,"column":0},"end":{"line":13,"column":1}},"6":{"start":{"line":16,"column":2},"end":{"line":16,"column":65}},"7":{"start":{"line":15,"column":0},"end":{"line":17,"column":1}},"8":{"start":{"line":19,"column":20},"end":{"line":19,"column":38}},"9":{"start":{"line":19,"column":20},"end":{"line":19,"column":39}},"10":{"start":{"line":20,"column":2},"end":{"line":22,"column":8}},"11":{"start":{"line":21,"column":4},"end":{"line":21,"column":23}},"12":{"start":{"line":19,"column":0},"end":{"line":23,"column":1}}},"fnMap":{"0":{"name":"isEmpty","decl":{"start":{"line":3,"column":16},"end":{"line":3,"column":23}},"loc":{"start":{"line":3,"column":34},"end":{"line":5,"column":1}}},"1":{"name":"topItem","decl":{"start":{"line":7,"column":16},"end":{"line":7,"column":23}},"loc":{"start":{"line":7,"column":35},"end":{"line":9,"column":1}}},"2":{"name":"isArrCreateNode","decl":{"start":{"line":11,"column":16},"end":{"line":11,"column":31}},"loc":{"start":{"line":11,"column":47},"end":{"line":13,"column":1}}},"3":{"name":"isInterfaceNode","decl":{"start":{"line":15,"column":16},"end":{"line":15,"column":31}},"loc":{"start":{"line":15,"column":47},"end":{"line":17,"column":1}}},"4":{"name":"add","decl":{"start":{"line":19,"column":16},"end":{"line":19,"column":19}},"loc":{"start":{"line":19,"column":19},"end":{"line":23,"column":1}}},"5":{"name":"(anonymous_5)","decl":{"start":{"line":20,"column":23},"end":{"line":20,"column":23}},"loc":{"start":{"line":20,"column":34},"end":{"line":22,"column":3}}}},"branchMap":{"0":{"loc":{"start":{"line":16,"column":9},"end":{"line":16,"column":35}},"type":"binary-expr","locations":[{"start":{"line":16,"column":9},"end":{"line":16,"column":35}},{"start":{"line":16,"column":39},"end":{"line":16,"column":64}}]}},"s":{"0":2,"1":2,"2":12,"3":2,"4":2,"5":2,"6":2,"7":2,"8":1,"9":3,"10":1,"11":3,"12":2},"f":{"0":2,"1":12,"2":2,"3":2,"4":1,"5":3},"b":{"0":[2,1]}}
,"/Users/wulunyi/explore/typeof-jsonc/src/mapSet.ts": {"path":"/Users/wulunyi/explore/typeof-jsonc/src/mapSet.ts","statementMap":{"0":{"start":{"line":1,"column":0},"end":{"line":17,"column":0}},"1":{"start":{"line":2,"column":10},"end":{"line":2,"column":45}},"2":{"start":{"line":4,"column":9},"end":{"line":10,"column":3}},"3":{"start":{"line":5,"column":4},"end":{"line":7,"column":5}},"4":{"start":{"line":6,"column":6},"end":{"line":6,"column":36}},"5":{"start":{"line":9,"column":4},"end":{"line":9,"column":35}},"6":{"start":{"line":12,"column":9},"end":{"line":16,"column":3}},"7":{"start":{"line":13,"column":16},"end":{"line":13,"column":34}},"8":{"start":{"line":15,"column":4},"end":{"line":15,"column":31}},"9":{"start":{"line":17,"column":0},"end":{"line":17,"column":1}}},"fnMap":{"0":{"name":"(anonymous_2)","decl":{"start":{"line":1,"column":0},"end":{"line":null,"column":-1}},"loc":{"start":{"line":1,"column":0},"end":{"line":1,"column":-1}}},"1":{"name":"(anonymous_4)","decl":{"start":{"line":4,"column":2},"end":{"line":4,"column":12}},"loc":{"start":{"line":4,"column":31},"end":{"line":10,"column":3}}},"2":{"name":"(anonymous_5)","decl":{"start":{"line":12,"column":2},"end":{"line":12,"column":12}},"loc":{"start":{"line":12,"column":21},"end":{"line":16,"column":3}}}},"branchMap":{"0":{"loc":{"start":{"line":5,"column":4},"end":{"line":7,"column":5}},"type":"if","locations":[{"start":{"line":5,"column":4},"end":{"line":7,"column":5}},{"start":{"line":5,"column":4},"end":{"line":7,"column":5}}]},"1":{"loc":{"start":{"line":15,"column":16},"end":{"line":15,"column":24}},"type":"cond-expr","locations":[{"start":{"line":15,"column":16},"end":{"line":15,"column":24}},{"start":{"line":15,"column":28},"end":{"line":15,"column":30}}]}},"s":{"0":2,"1":4,"2":2,"3":3,"4":2,"5":3,"6":2,"7":3,"8":3,"9":2},"f":{"0":6,"1":3,"2":3},"b":{"0":[2,1],"1":[2,1]}}
,"/Users/wulunyi/explore/typeof-jsonc/src/mergeDec.ts": {"path":"/Users/wulunyi/explore/typeof-jsonc/src/mergeDec.ts","statementMap":{"0":{"start":{"line":1,"column":0},"end":{"line":1,"column":33}},"1":{"start":{"line":2,"column":0},"end":{"line":2,"column":34}},"2":{"start":{"line":3,"column":0},"end":{"line":3,"column":29}},"3":{"start":{"line":9,"column":2},"end":{"line":11,"column":3}},"4":{"start":{"line":10,"column":4},"end":{"line":10,"column":47}},"5":{"start":{"line":13,"column":2},"end":{"line":15,"column":3}},"6":{"start":{"line":14,"column":4},"end":{"line":14,"column":28}},"7":{"start":{"line":17,"column":18},"end":{"line":17,"column":58}},"8":{"start":{"line":18,"column":19},"end":{"line":18,"column":28}},"9":{"start":{"line":20,"column":2},"end":{"line":28,"column":4}},"10":{"start":{"line":21,"column":4},"end":{"line":27,"column":6}},"11":{"start":{"line":23,"column":6},"end":{"line":26,"column":7}},"12":{"start":{"line":24,"column":8},"end":{"line":24,"column":29}},"13":{"start":{"line":25,"column":8},"end":{"line":25,"column":31}},"14":{"start":{"line":30,"column":18},"end":{"line":30,"column":72}},"15":{"start":{"line":32,"column":2},"end":{"line":41,"column":5}},"16":{"start":{"line":33,"column":17},"end":{"line":33,"column":35}},"17":{"start":{"line":34,"column":20},"end":{"line":34,"column":49}},"18":{"start":{"line":36,"column":4},"end":{"line":38,"column":5}},"19":{"start":{"line":37,"column":6},"end":{"line":37,"column":55}},"20":{"start":{"line":40,"column":4},"end":{"line":40,"column":34}},"21":{"start":{"line":43,"column":2},"end":{"line":43,"column":17}},"22":{"start":{"line":5,"column":0},"end":{"line":44,"column":1}},"23":{"start":{"line":54,"column":2},"end":{"line":56,"column":3}},"24":{"start":{"line":55,"column":4},"end":{"line":55,"column":47}},"25":{"start":{"line":58,"column":2},"end":{"line":60,"column":3}},"26":{"start":{"line":59,"column":4},"end":{"line":59,"column":28}},"27":{"start":{"line":62,"column":18},"end":{"line":62,"column":27}},"28":{"start":{"line":63,"column":19},"end":{"line":63,"column":28}},"29":{"start":{"line":64,"column":19},"end":{"line":64,"column":28}},"30":{"start":{"line":66,"column":2},"end":{"line":75,"column":5}},"31":{"start":{"line":67,"column":4},"end":{"line":69,"column":5}},"32":{"start":{"line":68,"column":6},"end":{"line":68,"column":30}},"33":{"start":{"line":71,"column":4},"end":{"line":73,"column":5}},"34":{"start":{"line":72,"column":6},"end":{"line":72,"column":37}},"35":{"start":{"line":74,"column":4},"end":{"line":74,"column":26}},"36":{"start":{"line":77,"column":27},"end":{"line":77,"column":42}},"37":{"start":{"line":79,"column":2},"end":{"line":83,"column":3}},"38":{"start":{"line":80,"column":4},"end":{"line":80,"column":34}},"39":{"start":{"line":81,"column":9},"end":{"line":83,"column":3}},"40":{"start":{"line":82,"column":4},"end":{"line":82,"column":46}},"41":{"start":{"line":85,"column":18},"end":{"line":85,"column":78}},"42":{"start":{"line":87,"column":2},"end":{"line":89,"column":3}},"43":{"start":{"line":88,"column":4},"end":{"line":88,"column":52}},"44":{"start":{"line":91,"column":2},"end":{"line":93,"column":3}},"45":{"start":{"line":92,"column":4},"end":{"line":92,"column":40}},"46":{"start":{"line":95,"column":2},"end":{"line":95,"column":17}},"47":{"start":{"line":50,"column":0},"end":{"line":96,"column":1}}},"fnMap":{"0":{"name":"mergeInterfaceDec","decl":{"start":{"line":5,"column":16},"end":{"line":5,"column":33}},"loc":{"start":{"line":7,"column":15},"end":{"line":44,"column":1}}},"1":{"name":"(anonymous_5)","decl":{"start":{"line":20,"column":18},"end":{"line":20,"column":17}},"loc":{"start":{"line":20,"column":21},"end":{"line":27,"column":6}}},"2":{"name":"(anonymous_6)","decl":{"start":{"line":21,"column":24},"end":{"line":21,"column":23}},"loc":{"start":{"line":21,"column":25},"end":{"line":27,"column":5}}},"3":{"name":"(anonymous_7)","decl":{"start":{"line":32,"column":24},"end":{"line":32,"column":23}},"loc":{"start":{"line":32,"column":29},"end":{"line":41,"column":3}}},"4":{"name":"mergePropertyDec","decl":{"start":{"line":50,"column":16},"end":{"line":50,"column":32}},"loc":{"start":{"line":52,"column":15},"end":{"line":96,"column":1}}},"5":{"name":"(anonymous_9)","decl":{"start":{"line":66,"column":18},"end":{"line":66,"column":17}},"loc":{"start":{"line":66,"column":21},"end":{"line":75,"column":3}}}},"branchMap":{"0":{"loc":{"start":{"line":9,"column":2},"end":{"line":11,"column":3}},"type":"if","locations":[{"start":{"line":9,"column":2},"end":{"line":11,"column":3}},{"start":{"line":9,"column":2},"end":{"line":11,"column":3}}]},"1":{"loc":{"start":{"line":13,"column":2},"end":{"line":15,"column":3}},"type":"if","locations":[{"start":{"line":13,"column":2},"end":{"line":15,"column":3}},{"start":{"line":13,"column":2},"end":{"line":15,"column":3}}]},"2":{"loc":{"start":{"line":23,"column":6},"end":{"line":26,"column":7}},"type":"if","locations":[{"start":{"line":23,"column":6},"end":{"line":26,"column":7}},{"start":{"line":23,"column":6},"end":{"line":26,"column":7}}]},"3":{"loc":{"start":{"line":30,"column":42},"end":{"line":30,"column":46}},"type":"binary-expr","locations":[{"start":{"line":30,"column":42},"end":{"line":30,"column":46}},{"start":{"line":30,"column":50},"end":{"line":30,"column":71}}]},"4":{"loc":{"start":{"line":36,"column":4},"end":{"line":38,"column":5}},"type":"if","locations":[{"start":{"line":36,"column":4},"end":{"line":38,"column":5}},{"start":{"line":36,"column":4},"end":{"line":38,"column":5}}]},"5":{"loc":{"start":{"line":54,"column":2},"end":{"line":56,"column":3}},"type":"if","locations":[{"start":{"line":54,"column":2},"end":{"line":56,"column":3}},{"start":{"line":54,"column":2},"end":{"line":56,"column":3}}]},"6":{"loc":{"start":{"line":58,"column":2},"end":{"line":60,"column":3}},"type":"if","locations":[{"start":{"line":58,"column":2},"end":{"line":60,"column":3}},{"start":{"line":58,"column":2},"end":{"line":60,"column":3}}]},"7":{"loc":{"start":{"line":67,"column":4},"end":{"line":69,"column":5}},"type":"if","locations":[{"start":{"line":67,"column":4},"end":{"line":69,"column":5}},{"start":{"line":67,"column":4},"end":{"line":69,"column":5}}]},"8":{"loc":{"start":{"line":71,"column":4},"end":{"line":73,"column":5}},"type":"if","locations":[{"start":{"line":71,"column":4},"end":{"line":73,"column":5}},{"start":{"line":71,"column":4},"end":{"line":73,"column":5}}]},"9":{"loc":{"start":{"line":79,"column":2},"end":{"line":83,"column":3}},"type":"if","locations":[{"start":{"line":79,"column":2},"end":{"line":83,"column":3}},{"start":{"line":79,"column":2},"end":{"line":83,"column":3}}]},"10":{"loc":{"start":{"line":81,"column":9},"end":{"line":83,"column":3}},"type":"if","locations":[{"start":{"line":81,"column":9},"end":{"line":83,"column":3}},{"start":{"line":81,"column":9},"end":{"line":83,"column":3}}]},"11":{"loc":{"start":{"line":85,"column":41},"end":{"line":85,"column":45}},"type":"binary-expr","locations":[{"start":{"line":85,"column":41},"end":{"line":85,"column":45}},{"start":{"line":85,"column":49},"end":{"line":85,"column":70}}]},"12":{"loc":{"start":{"line":87,"column":2},"end":{"line":89,"column":3}},"type":"if","locations":[{"start":{"line":87,"column":2},"end":{"line":89,"column":3}},{"start":{"line":87,"column":2},"end":{"line":89,"column":3}}]},"13":{"loc":{"start":{"line":91,"column":2},"end":{"line":93,"column":3}},"type":"if","locations":[{"start":{"line":91,"column":2},"end":{"line":93,"column":3}},{"start":{"line":91,"column":2},"end":{"line":93,"column":3}}]}},"s":{"0":1,"1":1,"2":1,"3":4,"4":1,"5":3,"6":1,"7":2,"8":2,"9":2,"10":4,"11":1,"12":1,"13":1,"14":2,"15":2,"16":1,"17":1,"18":1,"19":1,"20":1,"21":2,"22":1,"23":7,"24":1,"25":6,"26":2,"27":4,"28":4,"29":4,"30":4,"31":8,"32":1,"33":8,"34":1,"35":8,"36":4,"37":4,"38":3,"39":1,"40":1,"41":4,"42":4,"43":1,"44":4,"45":1,"46":4,"47":1},"f":{"0":4,"1":4,"2":1,"3":1,"4":7,"5":8},"b":{"0":[1,3],"1":[1,2],"2":[1,0],"3":[2,2],"4":[1,0],"5":[1,6],"6":[2,4],"7":[1,7],"8":[1,7],"9":[3,1],"10":[1,0],"11":[4,3],"12":[1,3],"13":[1,3]}}
}
