TN:
SF:/Users/wulunyi/explore/typeof-jsonc/src/commentParser.ts
FN:3,(anonymous_0)
FN:19,getCommentKind
FN:29,getLineComment
FN:33,(anonymous_3)
FN:34,(anonymous_4)
FN:37,getLeadingComment
FN:41,getTrailingComment
FN:45,getJsDoc
FN:49,(anonymous_8)
FN:58,(anonymous_9)
FN:61,parser
FNF:11
FNH:11
FNDA:1,(anonymous_0)
FNDA:6,getCommentKind
FNDA:3,getLineComment
FNDA:3,(anonymous_3)
FNDA:3,(anonymous_4)
FNDA:1,getLeadingComment
FNDA:2,getTrailingComment
FNDA:1,getJsDoc
FNDA:2,(anonymous_8)
FNDA:1,(anonymous_9)
FNDA:2,parser
DA:1,1
DA:3,1
DA:4,1
DA:5,1
DA:6,1
DA:7,1
DA:15,1
DA:16,1
DA:17,1
DA:19,1
DA:20,6
DA:30,3
DA:33,3
DA:34,3
DA:37,1
DA:38,1
DA:41,1
DA:42,2
DA:45,1
DA:46,1
DA:47,1
DA:49,2
DA:58,1
DA:61,1
DA:62,2
DA:64,2
DA:65,2
DA:67,2
LF:28
LH:28
BRDA:3,0,0,1
BRDA:3,0,1,1
BRDA:21,1,0,1
BRDA:21,1,1,5
BRDA:23,2,0,2
BRDA:23,2,1,3
BRDA:25,3,0,1
BRDA:25,3,1,2
BRF:8
BRH:8
end_of_record
TN:
SF:/Users/wulunyi/explore/typeof-jsonc/src/helper.ts
FN:3,isEmpty
FN:7,topItem
FN:11,isArrCreateNode
FN:15,isInterfaceNode
FN:19,add
FN:20,(anonymous_5)
FNF:6
FNH:6
FNDA:2,isEmpty
FNDA:1,topItem
FNDA:2,isArrCreateNode
FNDA:2,isInterfaceNode
FNDA:1,add
FNDA:3,(anonymous_5)
DA:3,1
DA:4,2
DA:7,1
DA:8,1
DA:11,1
DA:12,2
DA:15,1
DA:16,2
DA:19,3
DA:20,1
DA:21,3
LF:11
LH:11
BRDA:16,0,0,2
BRDA:16,0,1,1
BRF:2
BRH:2
end_of_record
TN:
SF:/Users/wulunyi/explore/typeof-jsonc/src/mapSet.ts
FN:1,(anonymous_2)
FN:4,(anonymous_4)
FN:12,(anonymous_5)
FNF:3
FNH:3
FNDA:3,(anonymous_2)
FNDA:2,(anonymous_4)
FNDA:2,(anonymous_5)
DA:1,1
DA:2,2
DA:4,1
DA:5,2
DA:6,1
DA:9,2
DA:12,1
DA:13,2
DA:15,2
DA:17,1
LF:10
LH:10
BRDA:5,0,0,1
BRDA:5,0,1,1
BRDA:15,1,0,1
BRDA:15,1,1,1
BRF:4
BRH:4
end_of_record
