TN:
SF:/Users/wulunyi/explore/typeof-jsonc/src/commentParser.ts
FN:3,(anonymous_0)
FN:19,getCommentKind
FN:29,getLineComment
FN:33,(anonymous_3)
FN:34,(anonymous_4)
FN:37,getLeadingComment
FN:41,getTrailingComment
FN:45,getJsDoc
FN:49,(anonymous_8)
FN:58,(anonymous_9)
FN:61,parser
FNF:11
FNH:11
FNDA:1,(anonymous_0)
FNDA:6,getCommentKind
FNDA:3,getLineComment
FNDA:3,(anonymous_3)
FNDA:3,(anonymous_4)
FNDA:1,getLeadingComment
FNDA:2,getTrailingComment
FNDA:1,getJsDoc
FNDA:2,(anonymous_8)
FNDA:1,(anonymous_9)
FNDA:2,parser
DA:1,1
DA:3,1
DA:4,1
DA:5,1
DA:6,1
DA:7,1
DA:15,1
DA:16,1
DA:17,1
DA:19,1
DA:20,6
DA:30,3
DA:33,3
DA:34,3
DA:37,1
DA:38,1
DA:41,1
DA:42,2
DA:45,1
DA:46,1
DA:47,1
DA:49,2
DA:58,1
DA:61,1
DA:62,2
DA:64,2
DA:65,2
DA:67,2
LF:28
LH:28
BRDA:3,0,0,1
BRDA:3,0,1,1
BRDA:21,1,0,1
BRDA:21,1,1,5
BRDA:23,2,0,2
BRDA:23,2,1,3
BRDA:25,3,0,1
BRDA:25,3,1,2
BRF:8
BRH:8
end_of_record
TN:
SF:/Users/wulunyi/explore/typeof-jsonc/src/helper.ts
FN:3,isEmpty
FN:7,topItem
FN:11,isArrCreateNode
FN:15,isInterfaceNode
FN:19,add
FN:20,(anonymous_5)
FNF:6
FNH:6
FNDA:2,isEmpty
FNDA:12,topItem
FNDA:2,isArrCreateNode
FNDA:2,isInterfaceNode
FNDA:1,add
FNDA:3,(anonymous_5)
DA:3,2
DA:4,2
DA:7,2
DA:8,12
DA:11,2
DA:12,2
DA:15,2
DA:16,2
DA:19,3
DA:20,1
DA:21,3
LF:11
LH:11
BRDA:16,0,0,2
BRDA:16,0,1,1
BRF:2
BRH:2
end_of_record
TN:
SF:/Users/wulunyi/explore/typeof-jsonc/src/mapSet.ts
FN:1,(anonymous_2)
FN:4,(anonymous_4)
FN:12,(anonymous_5)
FNF:3
FNH:3
FNDA:6,(anonymous_2)
FNDA:3,(anonymous_4)
FNDA:3,(anonymous_5)
DA:1,2
DA:2,4
DA:4,2
DA:5,3
DA:6,2
DA:9,3
DA:12,2
DA:13,3
DA:15,3
DA:17,2
LF:10
LH:10
BRDA:5,0,0,2
BRDA:5,0,1,1
BRDA:15,1,0,2
BRDA:15,1,1,1
BRF:4
BRH:4
end_of_record
TN:
SF:/Users/wulunyi/explore/typeof-jsonc/src/mergeDec.ts
FN:5,mergeInterfaceDec
FN:20,(anonymous_5)
FN:21,(anonymous_6)
FN:32,(anonymous_7)
FN:50,mergePropertyDec
FN:66,(anonymous_9)
FNF:6
FNH:6
FNDA:4,mergeInterfaceDec
FNDA:4,(anonymous_5)
FNDA:1,(anonymous_6)
FNDA:1,(anonymous_7)
FNDA:7,mergePropertyDec
FNDA:8,(anonymous_9)
DA:1,1
DA:2,1
DA:3,1
DA:5,1
DA:9,4
DA:10,1
DA:13,3
DA:14,1
DA:17,2
DA:18,2
DA:20,2
DA:21,4
DA:23,1
DA:24,1
DA:25,1
DA:30,2
DA:32,2
DA:33,1
DA:34,1
DA:36,1
DA:37,1
DA:40,1
DA:43,2
DA:50,1
DA:54,7
DA:55,1
DA:58,6
DA:59,2
DA:62,4
DA:63,4
DA:64,4
DA:66,4
DA:67,8
DA:68,1
DA:71,8
DA:72,1
DA:74,8
DA:77,4
DA:79,4
DA:80,3
DA:81,1
DA:82,1
DA:85,4
DA:87,4
DA:88,1
DA:91,4
DA:92,1
DA:95,4
LF:48
LH:48
BRDA:9,0,0,1
BRDA:9,0,1,3
BRDA:13,1,0,1
BRDA:13,1,1,2
BRDA:23,2,0,1
BRDA:23,2,1,0
BRDA:30,3,0,2
BRDA:30,3,1,2
BRDA:36,4,0,1
BRDA:36,4,1,0
BRDA:54,5,0,1
BRDA:54,5,1,6
BRDA:58,6,0,2
BRDA:58,6,1,4
BRDA:67,7,0,1
BRDA:67,7,1,7
BRDA:71,8,0,1
BRDA:71,8,1,7
BRDA:79,9,0,3
BRDA:79,9,1,1
BRDA:81,10,0,1
BRDA:81,10,1,0
BRDA:85,11,0,4
BRDA:85,11,1,3
BRDA:87,12,0,1
BRDA:87,12,1,3
BRDA:91,13,0,1
BRDA:91,13,1,3
BRF:28
BRH:25
end_of_record
